<?xml version="1.0" encoding="UTF-8"?>
<!-- Generated by org.testng.reporters.JUnitReportReporter -->
<testsuite skipped="3" hostname="DESKTOP-BH1F0C3" name="TestPackage.TestClass" tests="4" failures="0" timestamp="26 Apr 2022 14:48:16 GMT" time="96.938" errors="0">
  <testcase name="testcase3" time="96.938" classname="TestPackage.TestClass"/>
  <testcase name="test" classname="TestPackage.TestClass">
    <skipped/>
  </testcase> <!-- test -->
  <testcase name="test1" classname="TestPackage.TestClass">
    <skipped/>
  </testcase> <!-- test1 -->
  <testcase name="testcase2" classname="TestPackage.TestClass">
    <skipped/>
  </testcase> <!-- testcase2 -->
</testsuite> <!-- TestPackage.TestClass -->
